<?xml version="1.0" encoding="UTF-8"?>
<testsuite name="ru.netology.service.CashbackHackServiceTest" tests="1" skipped="0" failures="0" errors="0" timestamp="2021-10-01T16:58:38" hostname="DESKTOP-I3P05CO" time="0.003">
  <properties/>
  <testcase name="shouldCalculateRemain" classname="ru.netology.service.CashbackHackServiceTest" time="0.003"/>
  <system-out><![CDATA[]]></system-out>
  <system-err><![CDATA[]]></system-err>
</testsuite>
